<?xml version="1.0" encoding="UTF-8"?>
<!-- Generated by org.testng.reporters.JUnitReportReporter -->
<testsuite hostname="LAPTOP-1GOPOLA3" failures="0" tests="3" name="Testing.HomePage_Test" time="12.203" errors="0" timestamp="03 May 2021 18:29:26 GMT" skipped="0">
  <testcase classname="Testing.HomePage_Test" name="filtertest" time="2.089"/>
  <testcase classname="Testing.HomePage_Test" name="twitter" time="9.970"/>
  <testcase classname="Testing.HomePage_Test" name="cart" time="0.144"/>
</testsuite> <!-- Testing.HomePage_Test -->
