<?xml version="1.0" encoding="UTF-8"?>
<!-- Generated by org.testng.reporters.JUnitReportReporter -->
<testsuite hostname="LAPTOP-1GOPOLA3" failures="0" tests="1" name="Testing.TestNG_Assert" time="2.183" errors="0" timestamp="03 May 2021 19:21:19 GMT" skipped="0">
  <testcase classname="Testing.TestNG_Assert" name="method1" time="2.183"/>
</testsuite> <!-- Testing.TestNG_Assert -->
