<?xml version="1.0" encoding="UTF-8"?>
<!-- Generated by org.testng.reporters.JUnitReportReporter -->
<testsuite hostname="LAPTOP-1GOPOLA3" failures="0" tests="1" name="Testing.Login_Test" time="0.289" errors="0" timestamp="03 May 2021 18:28:58 GMT" skipped="0">
  <testcase classname="Testing.Login_Test" name="login" time="0.289"/>
</testsuite> <!-- Testing.Login_Test -->
